<?xml version="1.0" encoding="UTF-8"?>
<!-- Generated by org.testng.reporters.JUnitReportReporter -->
<testsuite hostname="LAPTOP-7CB9RIFL" failures="0" tests="2" name="com.actitime.TestNG.CampaignModule" time="0.005" errors="0" timestamp="2022-04-24T18:11:39 IST" skipped="0">
  <testcase classname="com.actitime.TestNG.CampaignModule" name="createCampaign" time="0.004"/>
  <system-out>
    <![CDATA[Create Campaign]]>
  </system-out>
  <testcase classname="com.actitime.TestNG.CampaignModule" name="modifyCampaign" time="0.001"/>
  <system-out>
    <![CDATA[Modify Campaign]]>
  </system-out>
</testsuite> <!-- com.actitime.TestNG.CampaignModule -->
