<?xml version="1.0" encoding="UTF-8"?>
<!-- Generated by org.testng.reporters.JUnitReportReporter -->
<testsuite hostname="LAPTOP-7CB9RIFL" failures="0" tests="4" name="com.actitime.TestNG.CutomerModule1" time="0.018" errors="0" timestamp="2022-04-20T13:08:39 IST" skipped="0">
  <testcase classname="com.actitime.TestNG.CutomerModule1" name="registerCustomer" time="0.003"/>
  <system-out>
    <![CDATA[Register Customer]]>
  </system-out>
  <testcase classname="com.actitime.TestNG.CutomerModule1" name="deleteCustomer" time="0.008"/>
  <system-out>
    <![CDATA[Delete Customer]]>
  </system-out>
  <testcase classname="com.actitime.TestNG.CutomerModule1" name="editCustomer" time="0.004"/>
  <system-out>
    <![CDATA[Edit Customer]]>
  </system-out>
  <testcase classname="com.actitime.TestNG.CutomerModule1" name="editCustomer" time="0.003"/>
  <system-out>
    <![CDATA[Edit Customer]]>
  </system-out>
</testsuite> <!-- com.actitime.TestNG.CutomerModule1 -->
