<?xml version="1.0" encoding="UTF-8"?>
<!-- Generated by org.testng.reporters.JUnitReportReporter -->
<testsuite hostname="LAPTOP-7CB9RIFL" failures="0" tests="1" name="com.actitime.pom.MainMethodClass" time="27.279" errors="0" timestamp="2022-04-23T20:13:16 IST" skipped="0">
  <testcase classname="com.actitime.pom.MainMethodClass" name="setLogin" time="27.279"/>
  <system-out/>
</testsuite> <!-- com.actitime.pom.MainMethodClass -->
