<?xml version="1.0" encoding="UTF-8"?>
<!-- Generated by org.testng.reporters.JUnitReportReporter -->
<testsuite hostname="LAPTOP-7CB9RIFL" failures="0" tests="1" name="com.actitime.TestNG.Demo" time="0.006" errors="0" timestamp="2022-04-11T00:56:27 IST" skipped="0">
  <testcase classname="com.actitime.TestNG.Demo" name="testDemo" time="0.006"/>
  <system-out>
    <![CDATA[hii]]>
  </system-out>
</testsuite> <!-- com.actitime.TestNG.Demo -->
