<?xml version="1.0" encoding="UTF-8"?>
<!-- Generated by org.testng.reporters.JUnitReportReporter -->
<testsuite hostname="LAPTOP-7CB9RIFL" failures="0" tests="3" name="com.actitime.TestNG.TaskModule" time="0.012" errors="0" timestamp="2022-04-19T18:33:16 IST" skipped="0">
  <testcase classname="com.actitime.TestNG.TaskModule" name="createTask" time="0.005"/>
  <system-out>
    <![CDATA[Create Task]]>
  </system-out>
  <testcase classname="com.actitime.TestNG.TaskModule" name="deleteTask" time="0.006"/>
  <system-out>
    <![CDATA[Delete Task]]>
  </system-out>
  <testcase classname="com.actitime.TestNG.TaskModule" name="modifyTask" time="0.001"/>
  <system-out>
    <![CDATA[Modify Task]]>
  </system-out>
</testsuite> <!-- com.actitime.TestNG.TaskModule -->
